2025-02-23 22:22:45,170 - INFO - Intitate data ingestion
2025-02-23 22:22:53,837 - INFO - Performed train test split on Data Frame
2025-02-23 22:22:53,837 - INFO - Exited Split data as Train sets and test sets method of Data_Ingestion class
2025-02-23 22:22:53,837 - INFO - Exporting train and test file path
2025-02-23 22:22:54,060 - INFO - Exported Train and Test File Path
2025-02-23 22:22:54,061 - INFO - Data Ingestion Completed
2025-02-23 22:22:54,070 - INFO - Intiating Data Validation 
2025-02-23 22:22:54,156 - INFO - Required number of columns - 31
2025-02-23 22:22:54,156 - INFO - Dataframe in columns - 31
2025-02-23 22:22:54,157 - INFO - Required number of columns - 31
2025-02-23 22:22:54,157 - INFO - Dataframe in columns - 31
2025-02-23 22:22:54,161 - INFO - Numerical columns exist in the dataframe.
2025-02-23 22:22:54,162 - INFO - Numerical columns exist in the dataframe.
2025-02-23 22:22:55,132 - INFO - Data Validation Completed 
2025-02-23 22:22:55,133 - INFO - Intiating Data Transformation
2025-02-23 22:22:55,133 - INFO - Starting Data Transformation
2025-02-23 22:22:55,224 - INFO - Entered get_data_tranformed_object 
2025-02-23 22:22:55,252 - INFO - Entered the save model method of MainUtils class
2025-02-23 22:22:55,258 - INFO - Exited the save object method od Main utils class
2025-02-23 22:22:55,261 - INFO - Data Transformation Completed
2025-02-23 22:22:55,261 - INFO - Intiating Data Transformation
