2025-02-23 21:55:48,470 - INFO - Intitate data ingestion
2025-02-23 21:55:57,069 - INFO - Performed train test split on Data Frame
2025-02-23 21:55:57,069 - INFO - Exited Split data as Train sets and test sets method of Data_Ingestion class
2025-02-23 21:55:57,070 - INFO - Exporting train and test file path
2025-02-23 21:55:57,261 - INFO - Exported Train and Test File Path
2025-02-23 21:55:57,262 - INFO - Data Ingestion Completed
2025-02-23 21:55:57,270 - INFO - Intiating Data Validation 
2025-02-23 21:55:57,346 - INFO - Required number of columns - 31
2025-02-23 21:55:57,346 - INFO - Dataframe in columns - 31
2025-02-23 21:55:57,346 - INFO - Required number of columns - 31
2025-02-23 21:55:57,347 - INFO - Dataframe in columns - 31
2025-02-23 21:55:57,349 - INFO - Numerical columns exist in the dataframe.
2025-02-23 21:55:57,350 - INFO - Numerical columns exist in the dataframe.
2025-02-23 21:55:58,295 - INFO - Data Validation Completed 
2025-02-23 21:55:58,295 - INFO - Intiating Data Transformation
2025-02-23 21:55:58,295 - INFO - Starting Data Transformation
2025-02-23 21:55:58,390 - INFO - Entered get_data_tranformed_object 
2025-02-23 21:55:58,414 - INFO - Entered the save model method of MainUtils class
2025-02-23 21:55:58,420 - INFO - Exited the save object method od Main utils class
2025-02-23 21:55:58,422 - INFO - Data Transformation Completed
2025-02-23 21:55:58,422 - INFO - Intiating Data Transformation
