2025-02-23 22:31:56,659 - INFO - Intitate data ingestion
2025-02-23 22:32:06,034 - INFO - Performed train test split on Data Frame
2025-02-23 22:32:06,035 - INFO - Exited Split data as Train sets and test sets method of Data_Ingestion class
2025-02-23 22:32:06,035 - INFO - Exporting train and test file path
2025-02-23 22:32:06,228 - INFO - Exported Train and Test File Path
2025-02-23 22:32:06,229 - INFO - Data Ingestion Completed
2025-02-23 22:32:06,236 - INFO - Intiating Data Validation 
2025-02-23 22:32:06,312 - INFO - Required number of columns - 31
2025-02-23 22:32:06,312 - INFO - Dataframe in columns - 31
2025-02-23 22:32:06,312 - INFO - Required number of columns - 31
2025-02-23 22:32:06,313 - INFO - Dataframe in columns - 31
2025-02-23 22:32:06,315 - INFO - Numerical columns exist in the dataframe.
2025-02-23 22:32:06,316 - INFO - Numerical columns exist in the dataframe.
2025-02-23 22:32:07,107 - INFO - Data Validation Completed 
2025-02-23 22:32:07,107 - INFO - Intiating Data Transformation
2025-02-23 22:32:07,107 - INFO - Starting Data Transformation
2025-02-23 22:32:07,197 - INFO - Entered get_data_tranformed_object 
2025-02-23 22:32:07,219 - INFO - Entered the save model method of MainUtils class
2025-02-23 22:32:07,224 - INFO - Exited the save object method od Main utils class
2025-02-23 22:32:07,227 - INFO - Data Transformation Completed
2025-02-23 22:32:07,227 - INFO - Intiating Data Transformation
2025-02-23 22:32:07,582 - INFO - Best Model Found on both training and testing dataset
2025-02-23 22:32:07,631 - INFO - Entered the save model method of MainUtils class
2025-02-23 22:32:07,642 - INFO - Exited the save object method od Main utils class
2025-02-23 22:32:07,642 - INFO - Model Trainer Artifact: ModelTrainerArtifact(trained_model_file_path='Artifacts\\02_23_2025\\Model Trainer\\Trained Model\\model.pkl', train_metric_artifact=ClassificationMetricArtifact(f1_score=0.9911593836827481, precision_score=0.9904088844018173, recall_score=0.9919110212335692), test_metric_artifact=ClassificationMetricArtifact(f1_score=0.9849701461807701, precision_score=0.9831483764899301, recall_score=0.9867986798679867))
2025-02-23 22:32:07,644 - INFO - Data Transformation Completed
