2025-02-23 22:14:33,713 - INFO - Intitate data ingestion
2025-02-23 22:14:43,248 - INFO - Performed train test split on Data Frame
2025-02-23 22:14:43,248 - INFO - Exited Split data as Train sets and test sets method of Data_Ingestion class
2025-02-23 22:14:43,249 - INFO - Exporting train and test file path
2025-02-23 22:14:43,439 - INFO - Exported Train and Test File Path
2025-02-23 22:14:43,440 - INFO - Data Ingestion Completed
2025-02-23 22:14:43,448 - INFO - Intiating Data Validation 
2025-02-23 22:14:43,525 - INFO - Required number of columns - 31
2025-02-23 22:14:43,525 - INFO - Dataframe in columns - 31
2025-02-23 22:14:43,525 - INFO - Required number of columns - 31
2025-02-23 22:14:43,525 - INFO - Dataframe in columns - 31
2025-02-23 22:14:43,529 - INFO - Numerical columns exist in the dataframe.
2025-02-23 22:14:43,530 - INFO - Numerical columns exist in the dataframe.
2025-02-23 22:14:44,206 - INFO - Data Validation Completed 
2025-02-23 22:14:44,206 - INFO - Intiating Data Transformation
2025-02-23 22:14:44,207 - INFO - Starting Data Transformation
2025-02-23 22:14:44,287 - INFO - Entered get_data_tranformed_object 
2025-02-23 22:14:44,308 - INFO - Entered the save model method of MainUtils class
2025-02-23 22:14:44,313 - INFO - Exited the save object method od Main utils class
2025-02-23 22:14:44,317 - INFO - Data Transformation Completed
2025-02-23 22:14:44,317 - INFO - Intiating Data Transformation
