2025-02-23 22:25:31,282 - INFO - Intitate data ingestion
2025-02-23 22:25:40,991 - INFO - Performed train test split on Data Frame
2025-02-23 22:25:40,991 - INFO - Exited Split data as Train sets and test sets method of Data_Ingestion class
2025-02-23 22:25:40,991 - INFO - Exporting train and test file path
2025-02-23 22:25:41,179 - INFO - Exported Train and Test File Path
2025-02-23 22:25:41,181 - INFO - Data Ingestion Completed
2025-02-23 22:25:41,188 - INFO - Intiating Data Validation 
2025-02-23 22:25:41,270 - INFO - Required number of columns - 31
2025-02-23 22:25:41,270 - INFO - Dataframe in columns - 31
2025-02-23 22:25:41,270 - INFO - Required number of columns - 31
2025-02-23 22:25:41,271 - INFO - Dataframe in columns - 31
2025-02-23 22:25:41,273 - INFO - Numerical columns exist in the dataframe.
2025-02-23 22:25:41,274 - INFO - Numerical columns exist in the dataframe.
2025-02-23 22:25:41,993 - INFO - Data Validation Completed 
2025-02-23 22:25:41,993 - INFO - Intiating Data Transformation
2025-02-23 22:25:41,993 - INFO - Starting Data Transformation
2025-02-23 22:25:42,072 - INFO - Entered get_data_tranformed_object 
2025-02-23 22:25:42,093 - INFO - Entered the save model method of MainUtils class
2025-02-23 22:25:42,098 - INFO - Exited the save object method od Main utils class
2025-02-23 22:25:42,101 - INFO - Data Transformation Completed
2025-02-23 22:25:42,101 - INFO - Intiating Data Transformation
