2025-02-23 22:01:35,955 - INFO - Intitate data ingestion
2025-02-23 22:01:44,126 - INFO - Performed train test split on Data Frame
2025-02-23 22:01:44,126 - INFO - Exited Split data as Train sets and test sets method of Data_Ingestion class
2025-02-23 22:01:44,127 - INFO - Exporting train and test file path
2025-02-23 22:01:44,319 - INFO - Exported Train and Test File Path
2025-02-23 22:01:44,321 - INFO - Data Ingestion Completed
2025-02-23 22:01:44,331 - INFO - Intiating Data Validation 
2025-02-23 22:01:44,408 - INFO - Required number of columns - 31
2025-02-23 22:01:44,409 - INFO - Dataframe in columns - 31
2025-02-23 22:01:44,409 - INFO - Required number of columns - 31
2025-02-23 22:01:44,409 - INFO - Dataframe in columns - 31
2025-02-23 22:01:44,411 - INFO - Numerical columns exist in the dataframe.
2025-02-23 22:01:44,412 - INFO - Numerical columns exist in the dataframe.
2025-02-23 22:01:45,293 - INFO - Data Validation Completed 
2025-02-23 22:01:45,293 - INFO - Intiating Data Transformation
2025-02-23 22:01:45,293 - INFO - Starting Data Transformation
2025-02-23 22:01:45,376 - INFO - Entered get_data_tranformed_object 
2025-02-23 22:01:45,398 - INFO - Entered the save model method of MainUtils class
2025-02-23 22:01:45,403 - INFO - Exited the save object method od Main utils class
2025-02-23 22:01:45,406 - INFO - Data Transformation Completed
2025-02-23 22:01:45,406 - INFO - Intiating Data Transformation
