2025-02-23 22:04:19,554 - INFO - Intitate data ingestion
2025-02-23 22:04:28,152 - INFO - Performed train test split on Data Frame
2025-02-23 22:04:28,153 - INFO - Exited Split data as Train sets and test sets method of Data_Ingestion class
2025-02-23 22:04:28,154 - INFO - Exporting train and test file path
2025-02-23 22:04:28,384 - INFO - Exported Train and Test File Path
2025-02-23 22:04:28,385 - INFO - Data Ingestion Completed
2025-02-23 22:04:28,393 - INFO - Intiating Data Validation 
2025-02-23 22:04:28,479 - INFO - Required number of columns - 31
2025-02-23 22:04:28,479 - INFO - Dataframe in columns - 31
2025-02-23 22:04:28,479 - INFO - Required number of columns - 31
2025-02-23 22:04:28,479 - INFO - Dataframe in columns - 31
2025-02-23 22:04:28,482 - INFO - Numerical columns exist in the dataframe.
2025-02-23 22:04:28,483 - INFO - Numerical columns exist in the dataframe.
2025-02-23 22:04:29,327 - INFO - Data Validation Completed 
2025-02-23 22:04:29,328 - INFO - Intiating Data Transformation
2025-02-23 22:04:29,328 - INFO - Starting Data Transformation
2025-02-23 22:04:29,414 - INFO - Entered get_data_tranformed_object 
2025-02-23 22:04:29,438 - INFO - Entered the save model method of MainUtils class
2025-02-23 22:04:29,443 - INFO - Exited the save object method od Main utils class
2025-02-23 22:04:29,446 - INFO - Data Transformation Completed
2025-02-23 22:04:29,446 - INFO - Intiating Data Transformation
