2025-02-23 22:30:05,600 - INFO - Intitate data ingestion
2025-02-23 22:30:15,770 - INFO - Performed train test split on Data Frame
2025-02-23 22:30:15,770 - INFO - Exited Split data as Train sets and test sets method of Data_Ingestion class
2025-02-23 22:30:15,770 - INFO - Exporting train and test file path
2025-02-23 22:30:15,971 - INFO - Exported Train and Test File Path
2025-02-23 22:30:15,972 - INFO - Data Ingestion Completed
2025-02-23 22:30:15,980 - INFO - Intiating Data Validation 
2025-02-23 22:30:16,065 - INFO - Required number of columns - 31
2025-02-23 22:30:16,065 - INFO - Dataframe in columns - 31
2025-02-23 22:30:16,065 - INFO - Required number of columns - 31
2025-02-23 22:30:16,065 - INFO - Dataframe in columns - 31
2025-02-23 22:30:16,069 - INFO - Numerical columns exist in the dataframe.
2025-02-23 22:30:16,071 - INFO - Numerical columns exist in the dataframe.
2025-02-23 22:30:16,892 - INFO - Data Validation Completed 
2025-02-23 22:30:16,893 - INFO - Intiating Data Transformation
2025-02-23 22:30:16,893 - INFO - Starting Data Transformation
2025-02-23 22:30:16,977 - INFO - Entered get_data_tranformed_object 
2025-02-23 22:30:17,002 - INFO - Entered the save model method of MainUtils class
2025-02-23 22:30:17,007 - INFO - Exited the save object method od Main utils class
2025-02-23 22:30:17,010 - INFO - Data Transformation Completed
2025-02-23 22:30:17,011 - INFO - Intiating Data Transformation
