2025-02-23 22:23:27,115 - INFO - Intitate data ingestion
2025-02-23 22:23:36,443 - INFO - Performed train test split on Data Frame
2025-02-23 22:23:36,443 - INFO - Exited Split data as Train sets and test sets method of Data_Ingestion class
2025-02-23 22:23:36,443 - INFO - Exporting train and test file path
2025-02-23 22:23:36,634 - INFO - Exported Train and Test File Path
2025-02-23 22:23:36,635 - INFO - Data Ingestion Completed
2025-02-23 22:23:36,643 - INFO - Intiating Data Validation 
2025-02-23 22:23:36,722 - INFO - Required number of columns - 31
2025-02-23 22:23:36,722 - INFO - Dataframe in columns - 31
2025-02-23 22:23:36,722 - INFO - Required number of columns - 31
2025-02-23 22:23:36,722 - INFO - Dataframe in columns - 31
2025-02-23 22:23:36,724 - INFO - Numerical columns exist in the dataframe.
2025-02-23 22:23:36,726 - INFO - Numerical columns exist in the dataframe.
2025-02-23 22:23:37,660 - INFO - Data Validation Completed 
2025-02-23 22:23:37,660 - INFO - Intiating Data Transformation
2025-02-23 22:23:37,660 - INFO - Starting Data Transformation
2025-02-23 22:23:37,741 - INFO - Entered get_data_tranformed_object 
2025-02-23 22:23:37,763 - INFO - Entered the save model method of MainUtils class
2025-02-23 22:23:37,768 - INFO - Exited the save object method od Main utils class
2025-02-23 22:23:37,771 - INFO - Data Transformation Completed
2025-02-23 22:23:37,771 - INFO - Intiating Data Transformation
