2025-02-23 22:38:12,851 - INFO - Intitate data ingestion
2025-02-23 22:38:21,876 - INFO - Performed train test split on Data Frame
2025-02-23 22:38:21,876 - INFO - Exited Split data as Train sets and test sets method of Data_Ingestion class
2025-02-23 22:38:21,877 - INFO - Exporting train and test file path
2025-02-23 22:38:22,067 - INFO - Exported Train and Test File Path
2025-02-23 22:38:22,069 - INFO - Data Ingestion Completed
2025-02-23 22:38:22,076 - INFO - Intiating Data Validation 
2025-02-23 22:38:22,152 - INFO - Required number of columns - 31
2025-02-23 22:38:22,153 - INFO - Dataframe in columns - 31
2025-02-23 22:38:22,153 - INFO - Required number of columns - 31
2025-02-23 22:38:22,153 - INFO - Dataframe in columns - 31
2025-02-23 22:38:22,155 - INFO - Numerical columns exist in the dataframe.
2025-02-23 22:38:22,156 - INFO - Numerical columns exist in the dataframe.
2025-02-23 22:38:22,907 - INFO - Data Validation Completed 
2025-02-23 22:38:22,907 - INFO - Intiating Data Transformation
2025-02-23 22:38:22,907 - INFO - Starting Data Transformation
2025-02-23 22:38:22,986 - INFO - Entered get_data_tranformed_object 
2025-02-23 22:38:23,008 - INFO - Entered the save model method of MainUtils class
2025-02-23 22:38:23,013 - INFO - Exited the save object method od Main utils class
2025-02-23 22:38:23,016 - INFO - Data Transformation Completed
2025-02-23 22:38:23,016 - INFO - Intiating Data Transformation
2025-02-23 22:38:32,787 - INFO - Best Model Found on both training and testing dataset
2025-02-23 22:38:33,140 - INFO - Entered the save model method of MainUtils class
2025-02-23 22:38:33,171 - INFO - Exited the save object method od Main utils class
2025-02-23 22:38:33,172 - INFO - Model Trainer Artifact: ModelTrainerArtifact(trained_model_file_path='Artifacts\\02_23_2025\\Model Trainer\\Trained Model\\model.pkl', train_metric_artifact=ClassificationMetricArtifact(f1_score=0.991176322291131, precision_score=0.9896294804671768, recall_score=0.9927280072719927), test_metric_artifact=ClassificationMetricArtifact(f1_score=0.98568167669641, precision_score=0.987115544472153, recall_score=0.984251968503937))
2025-02-23 22:38:33,175 - INFO - Data Transformation Completed
