2025-02-23 22:16:38,904 - INFO - Intitate data ingestion
2025-02-23 22:16:48,527 - INFO - Performed train test split on Data Frame
2025-02-23 22:16:48,527 - INFO - Exited Split data as Train sets and test sets method of Data_Ingestion class
2025-02-23 22:16:48,528 - INFO - Exporting train and test file path
2025-02-23 22:16:48,729 - INFO - Exported Train and Test File Path
2025-02-23 22:16:48,730 - INFO - Data Ingestion Completed
2025-02-23 22:16:48,737 - INFO - Intiating Data Validation 
2025-02-23 22:16:48,816 - INFO - Required number of columns - 31
2025-02-23 22:16:48,816 - INFO - Dataframe in columns - 31
2025-02-23 22:16:48,816 - INFO - Required number of columns - 31
2025-02-23 22:16:48,816 - INFO - Dataframe in columns - 31
2025-02-23 22:16:48,819 - INFO - Numerical columns exist in the dataframe.
2025-02-23 22:16:48,820 - INFO - Numerical columns exist in the dataframe.
2025-02-23 22:16:49,596 - INFO - Data Validation Completed 
2025-02-23 22:16:49,596 - INFO - Intiating Data Transformation
2025-02-23 22:16:49,596 - INFO - Starting Data Transformation
2025-02-23 22:16:49,676 - INFO - Entered get_data_tranformed_object 
2025-02-23 22:16:49,697 - INFO - Entered the save model method of MainUtils class
2025-02-23 22:16:49,702 - INFO - Exited the save object method od Main utils class
2025-02-23 22:16:49,705 - INFO - Data Transformation Completed
2025-02-23 22:16:49,705 - INFO - Intiating Data Transformation
