2025-02-23 22:19:11,253 - INFO - Intitate data ingestion
2025-02-23 22:19:19,947 - INFO - Performed train test split on Data Frame
2025-02-23 22:19:19,947 - INFO - Exited Split data as Train sets and test sets method of Data_Ingestion class
2025-02-23 22:19:19,948 - INFO - Exporting train and test file path
2025-02-23 22:19:20,138 - INFO - Exported Train and Test File Path
2025-02-23 22:19:20,139 - INFO - Data Ingestion Completed
2025-02-23 22:19:20,147 - INFO - Intiating Data Validation 
2025-02-23 22:19:20,224 - INFO - Required number of columns - 31
2025-02-23 22:19:20,225 - INFO - Dataframe in columns - 31
2025-02-23 22:19:20,225 - INFO - Required number of columns - 31
2025-02-23 22:19:20,225 - INFO - Dataframe in columns - 31
2025-02-23 22:19:20,227 - INFO - Numerical columns exist in the dataframe.
2025-02-23 22:19:20,228 - INFO - Numerical columns exist in the dataframe.
2025-02-23 22:19:21,011 - INFO - Data Validation Completed 
2025-02-23 22:19:21,011 - INFO - Intiating Data Transformation
2025-02-23 22:19:21,012 - INFO - Starting Data Transformation
2025-02-23 22:19:21,100 - INFO - Entered get_data_tranformed_object 
2025-02-23 22:19:21,122 - INFO - Entered the save model method of MainUtils class
2025-02-23 22:19:21,127 - INFO - Exited the save object method od Main utils class
2025-02-23 22:19:21,129 - INFO - Data Transformation Completed
2025-02-23 22:19:21,130 - INFO - Intiating Data Transformation
