2025-02-22 21:49:56,204 - INFO - Intitate data ingestion
2025-02-22 21:50:07,620 - INFO - Performed train test split on Data Frame
2025-02-22 21:50:07,620 - INFO - Exited Split data as Train sets and test sets method of Data_Ingestion class
2025-02-22 21:50:07,621 - INFO - Exporting train and test file path
2025-02-22 21:50:07,807 - INFO - Exported Train and Test File Path
2025-02-22 21:50:07,809 - INFO - Data Ingestion Completed
2025-02-22 21:50:07,816 - INFO - Intiating Data Validation 
2025-02-22 21:50:07,888 - INFO - Required number of columns - 31
2025-02-22 21:50:07,888 - INFO - Dataframe in columns - 31
2025-02-22 21:50:07,889 - INFO - Required number of columns - 31
2025-02-22 21:50:07,889 - INFO - Dataframe in columns - 31
2025-02-22 21:50:07,891 - INFO - Numerical columns exist in the dataframe.
2025-02-22 21:50:07,892 - INFO - Numerical columns exist in the dataframe.
2025-02-22 21:50:08,783 - INFO - Data Validation Completed 
2025-02-22 21:50:08,783 - INFO - Intiating Data Transformation
2025-02-22 21:50:08,784 - INFO - Starting Data Transformation
2025-02-22 21:50:08,859 - INFO - Entered get_data_tranformed_object 
2025-02-22 21:50:08,880 - INFO - Entered the save model method of MainUtils class
2025-02-22 21:50:08,885 - INFO - Exited the save object method od Main utils class
2025-02-22 21:50:08,888 - INFO - Data Transformation Completed
