2025-02-23 22:06:49,527 - INFO - Intitate data ingestion
2025-02-23 22:06:58,211 - INFO - Performed train test split on Data Frame
2025-02-23 22:06:58,211 - INFO - Exited Split data as Train sets and test sets method of Data_Ingestion class
2025-02-23 22:06:58,211 - INFO - Exporting train and test file path
2025-02-23 22:06:58,411 - INFO - Exported Train and Test File Path
2025-02-23 22:06:58,412 - INFO - Data Ingestion Completed
2025-02-23 22:06:58,420 - INFO - Intiating Data Validation 
2025-02-23 22:06:58,501 - INFO - Required number of columns - 31
2025-02-23 22:06:58,501 - INFO - Dataframe in columns - 31
2025-02-23 22:06:58,501 - INFO - Required number of columns - 31
2025-02-23 22:06:58,501 - INFO - Dataframe in columns - 31
2025-02-23 22:06:58,504 - INFO - Numerical columns exist in the dataframe.
2025-02-23 22:06:58,505 - INFO - Numerical columns exist in the dataframe.
2025-02-23 22:06:59,266 - INFO - Data Validation Completed 
2025-02-23 22:06:59,266 - INFO - Intiating Data Transformation
2025-02-23 22:06:59,266 - INFO - Starting Data Transformation
2025-02-23 22:06:59,349 - INFO - Entered get_data_tranformed_object 
2025-02-23 22:06:59,376 - INFO - Entered the save model method of MainUtils class
2025-02-23 22:06:59,383 - INFO - Exited the save object method od Main utils class
2025-02-23 22:06:59,385 - INFO - Data Transformation Completed
2025-02-23 22:06:59,386 - INFO - Intiating Data Transformation
