2025-02-23 22:12:28,708 - INFO - Intitate data ingestion
2025-02-23 22:12:37,434 - INFO - Performed train test split on Data Frame
2025-02-23 22:12:37,435 - INFO - Exited Split data as Train sets and test sets method of Data_Ingestion class
2025-02-23 22:12:37,435 - INFO - Exporting train and test file path
2025-02-23 22:12:37,633 - INFO - Exported Train and Test File Path
2025-02-23 22:12:37,634 - INFO - Data Ingestion Completed
2025-02-23 22:12:37,641 - INFO - Intiating Data Validation 
2025-02-23 22:12:37,719 - INFO - Required number of columns - 31
2025-02-23 22:12:37,719 - INFO - Dataframe in columns - 31
2025-02-23 22:12:37,719 - INFO - Required number of columns - 31
2025-02-23 22:12:37,719 - INFO - Dataframe in columns - 31
2025-02-23 22:12:37,722 - INFO - Numerical columns exist in the dataframe.
2025-02-23 22:12:37,723 - INFO - Numerical columns exist in the dataframe.
2025-02-23 22:12:38,671 - INFO - Data Validation Completed 
2025-02-23 22:12:38,672 - INFO - Intiating Data Transformation
2025-02-23 22:12:38,672 - INFO - Starting Data Transformation
2025-02-23 22:12:38,751 - INFO - Entered get_data_tranformed_object 
2025-02-23 22:12:38,773 - INFO - Entered the save model method of MainUtils class
2025-02-23 22:12:38,778 - INFO - Exited the save object method od Main utils class
2025-02-23 22:12:38,781 - INFO - Data Transformation Completed
2025-02-23 22:12:38,781 - INFO - Intiating Data Transformation
