2025-02-23 22:35:54,877 - INFO - Intitate data ingestion
2025-02-23 22:36:04,255 - INFO - Performed train test split on Data Frame
2025-02-23 22:36:04,255 - INFO - Exited Split data as Train sets and test sets method of Data_Ingestion class
2025-02-23 22:36:04,256 - INFO - Exporting train and test file path
2025-02-23 22:36:04,451 - INFO - Exported Train and Test File Path
2025-02-23 22:36:04,452 - INFO - Data Ingestion Completed
2025-02-23 22:36:04,459 - INFO - Intiating Data Validation 
2025-02-23 22:36:04,541 - INFO - Required number of columns - 31
2025-02-23 22:36:04,541 - INFO - Dataframe in columns - 31
2025-02-23 22:36:04,541 - INFO - Required number of columns - 31
2025-02-23 22:36:04,542 - INFO - Dataframe in columns - 31
2025-02-23 22:36:04,544 - INFO - Numerical columns exist in the dataframe.
2025-02-23 22:36:04,545 - INFO - Numerical columns exist in the dataframe.
2025-02-23 22:36:05,551 - INFO - Data Validation Completed 
2025-02-23 22:36:05,552 - INFO - Intiating Data Transformation
2025-02-23 22:36:05,552 - INFO - Starting Data Transformation
2025-02-23 22:36:05,635 - INFO - Entered get_data_tranformed_object 
2025-02-23 22:36:05,656 - INFO - Entered the save model method of MainUtils class
2025-02-23 22:36:05,662 - INFO - Exited the save object method od Main utils class
2025-02-23 22:36:05,665 - INFO - Data Transformation Completed
2025-02-23 22:36:05,665 - INFO - Intiating Data Transformation
2025-02-23 22:36:15,735 - INFO - Best Model Found on both training and testing dataset
2025-02-23 22:36:15,788 - INFO - Entered the save model method of MainUtils class
2025-02-23 22:36:15,793 - INFO - Exited the save object method od Main utils class
2025-02-23 22:36:15,794 - INFO - Model Trainer Artifact: ModelTrainerArtifact(trained_model_file_path='Artifacts\\02_23_2025\\Model Trainer\\Trained Model\\model.pkl', train_metric_artifact=ClassificationMetricArtifact(f1_score=0.9913016938806654, precision_score=0.9909488457235839, recall_score=0.9916547934052514), test_metric_artifact=ClassificationMetricArtifact(f1_score=0.9873570138470801, precision_score=0.9859719438877755, recall_score=0.9887459807073955))
2025-02-23 22:36:15,799 - INFO - Data Transformation Completed
