2025-02-23 22:29:04,613 - INFO - Intitate data ingestion
2025-02-23 22:29:14,912 - INFO - Performed train test split on Data Frame
2025-02-23 22:29:14,912 - INFO - Exited Split data as Train sets and test sets method of Data_Ingestion class
2025-02-23 22:29:14,913 - INFO - Exporting train and test file path
2025-02-23 22:29:15,118 - INFO - Exported Train and Test File Path
2025-02-23 22:29:15,120 - INFO - Data Ingestion Completed
2025-02-23 22:29:15,127 - INFO - Intiating Data Validation 
2025-02-23 22:29:15,205 - INFO - Required number of columns - 31
2025-02-23 22:29:15,205 - INFO - Dataframe in columns - 31
2025-02-23 22:29:15,205 - INFO - Required number of columns - 31
2025-02-23 22:29:15,205 - INFO - Dataframe in columns - 31
2025-02-23 22:29:15,208 - INFO - Numerical columns exist in the dataframe.
2025-02-23 22:29:15,209 - INFO - Numerical columns exist in the dataframe.
2025-02-23 22:29:15,869 - INFO - Data Validation Completed 
2025-02-23 22:29:15,869 - INFO - Intiating Data Transformation
2025-02-23 22:29:15,870 - INFO - Starting Data Transformation
2025-02-23 22:29:15,950 - INFO - Entered get_data_tranformed_object 
2025-02-23 22:29:15,978 - INFO - Entered the save model method of MainUtils class
2025-02-23 22:29:15,982 - INFO - Exited the save object method od Main utils class
2025-02-23 22:29:15,986 - INFO - Data Transformation Completed
2025-02-23 22:29:15,986 - INFO - Intiating Data Transformation
