2025-02-23 21:49:28,161 - INFO - Intitate data ingestion
2025-02-23 21:49:38,905 - INFO - Performed train test split on Data Frame
2025-02-23 21:49:38,905 - INFO - Exited Split data as Train sets and test sets method of Data_Ingestion class
2025-02-23 21:49:38,906 - INFO - Exporting train and test file path
2025-02-23 21:49:39,164 - INFO - Exported Train and Test File Path
2025-02-23 21:49:39,166 - INFO - Data Ingestion Completed
2025-02-23 21:49:39,173 - INFO - Intiating Data Validation 
2025-02-23 21:49:39,250 - INFO - Required number of columns - 31
2025-02-23 21:49:39,250 - INFO - Dataframe in columns - 31
2025-02-23 21:49:39,250 - INFO - Required number of columns - 31
2025-02-23 21:49:39,250 - INFO - Dataframe in columns - 31
2025-02-23 21:49:39,253 - INFO - Numerical columns exist in the dataframe.
2025-02-23 21:49:39,254 - INFO - Numerical columns exist in the dataframe.
2025-02-23 21:49:40,503 - INFO - Data Validation Completed 
2025-02-23 21:49:40,503 - INFO - Intiating Data Transformation
2025-02-23 21:49:40,503 - INFO - Starting Data Transformation
2025-02-23 21:49:40,636 - INFO - Entered get_data_tranformed_object 
2025-02-23 21:49:40,661 - INFO - Entered the save model method of MainUtils class
2025-02-23 21:49:40,667 - INFO - Exited the save object method od Main utils class
2025-02-23 21:49:40,670 - INFO - Data Transformation Completed
2025-02-23 21:49:40,670 - INFO - Intiating Data Transformation
