2025-02-23 22:32:28,001 - INFO - Intitate data ingestion
2025-02-23 22:32:37,647 - INFO - Performed train test split on Data Frame
2025-02-23 22:32:37,647 - INFO - Exited Split data as Train sets and test sets method of Data_Ingestion class
2025-02-23 22:32:37,647 - INFO - Exporting train and test file path
2025-02-23 22:32:37,835 - INFO - Exported Train and Test File Path
2025-02-23 22:32:37,836 - INFO - Data Ingestion Completed
2025-02-23 22:32:37,843 - INFO - Intiating Data Validation 
2025-02-23 22:32:37,926 - INFO - Required number of columns - 31
2025-02-23 22:32:37,926 - INFO - Dataframe in columns - 31
2025-02-23 22:32:37,927 - INFO - Required number of columns - 31
2025-02-23 22:32:37,927 - INFO - Dataframe in columns - 31
2025-02-23 22:32:37,929 - INFO - Numerical columns exist in the dataframe.
2025-02-23 22:32:37,930 - INFO - Numerical columns exist in the dataframe.
2025-02-23 22:32:38,676 - INFO - Data Validation Completed 
2025-02-23 22:32:38,676 - INFO - Intiating Data Transformation
2025-02-23 22:32:38,676 - INFO - Starting Data Transformation
2025-02-23 22:32:38,770 - INFO - Entered get_data_tranformed_object 
2025-02-23 22:32:38,793 - INFO - Entered the save model method of MainUtils class
2025-02-23 22:32:38,798 - INFO - Exited the save object method od Main utils class
2025-02-23 22:32:38,801 - INFO - Data Transformation Completed
2025-02-23 22:32:38,801 - INFO - Intiating Data Transformation
