2025-02-23 22:30:25,760 - INFO - Intitate data ingestion
2025-02-23 22:30:34,585 - INFO - Performed train test split on Data Frame
2025-02-23 22:30:34,586 - INFO - Exited Split data as Train sets and test sets method of Data_Ingestion class
2025-02-23 22:30:34,586 - INFO - Exporting train and test file path
2025-02-23 22:30:34,797 - INFO - Exported Train and Test File Path
2025-02-23 22:30:34,799 - INFO - Data Ingestion Completed
2025-02-23 22:30:34,806 - INFO - Intiating Data Validation 
2025-02-23 22:30:34,884 - INFO - Required number of columns - 31
2025-02-23 22:30:34,884 - INFO - Dataframe in columns - 31
2025-02-23 22:30:34,884 - INFO - Required number of columns - 31
2025-02-23 22:30:34,884 - INFO - Dataframe in columns - 31
2025-02-23 22:30:34,886 - INFO - Numerical columns exist in the dataframe.
2025-02-23 22:30:34,887 - INFO - Numerical columns exist in the dataframe.
2025-02-23 22:30:35,879 - INFO - Data Validation Completed 
2025-02-23 22:30:35,879 - INFO - Intiating Data Transformation
2025-02-23 22:30:35,879 - INFO - Starting Data Transformation
2025-02-23 22:30:35,964 - INFO - Entered get_data_tranformed_object 
2025-02-23 22:30:35,986 - INFO - Entered the save model method of MainUtils class
2025-02-23 22:30:35,992 - INFO - Exited the save object method od Main utils class
2025-02-23 22:30:35,995 - INFO - Data Transformation Completed
2025-02-23 22:30:35,995 - INFO - Intiating Data Transformation
