2025-02-22 21:46:27,589 - INFO - Intitate data ingestion
2025-02-22 21:46:38,532 - INFO - Performed train test split on Data Frame
2025-02-22 21:46:38,532 - INFO - Exited Split data as Train sets and test sets method of Data_Ingestion class
2025-02-22 21:46:38,532 - INFO - Exporting train and test file path
2025-02-22 21:46:38,717 - INFO - Exported Train and Test File Path
2025-02-22 21:46:38,718 - INFO - Data Ingestion Completed
2025-02-22 21:46:38,725 - INFO - Intiating Data Validation 
2025-02-22 21:46:38,809 - INFO - Required number of columns - 31
2025-02-22 21:46:38,810 - INFO - Dataframe in columns - 31
2025-02-22 21:46:38,810 - INFO - Required number of columns - 31
2025-02-22 21:46:38,810 - INFO - Dataframe in columns - 31
2025-02-22 21:46:38,812 - INFO - Numerical columns exist in the dataframe.
2025-02-22 21:46:38,813 - INFO - Numerical columns exist in the dataframe.
2025-02-22 21:46:39,588 - INFO - Data Validation Completed 
2025-02-22 21:46:39,588 - INFO - Intiating Data Transformation
2025-02-22 21:46:39,588 - INFO - Starting Data Transformation
2025-02-22 21:46:39,666 - INFO - Entered get_data_tranformed_object 
2025-02-22 21:46:39,688 - INFO - Entered the save model method of MainUtils class
2025-02-22 21:46:39,693 - INFO - Exited the save object method od Main utils class
2025-02-22 21:46:39,696 - INFO - Data Transformation Completed
