2025-02-23 22:07:15,332 - INFO - Intitate data ingestion
2025-02-23 22:07:24,014 - INFO - Performed train test split on Data Frame
2025-02-23 22:07:24,014 - INFO - Exited Split data as Train sets and test sets method of Data_Ingestion class
2025-02-23 22:07:24,014 - INFO - Exporting train and test file path
2025-02-23 22:07:24,212 - INFO - Exported Train and Test File Path
2025-02-23 22:07:24,213 - INFO - Data Ingestion Completed
2025-02-23 22:07:24,221 - INFO - Intiating Data Validation 
2025-02-23 22:07:24,307 - INFO - Required number of columns - 31
2025-02-23 22:07:24,307 - INFO - Dataframe in columns - 31
2025-02-23 22:07:24,307 - INFO - Required number of columns - 31
2025-02-23 22:07:24,307 - INFO - Dataframe in columns - 31
2025-02-23 22:07:24,310 - INFO - Numerical columns exist in the dataframe.
2025-02-23 22:07:24,311 - INFO - Numerical columns exist in the dataframe.
2025-02-23 22:07:25,147 - INFO - Data Validation Completed 
2025-02-23 22:07:25,148 - INFO - Intiating Data Transformation
2025-02-23 22:07:25,148 - INFO - Starting Data Transformation
2025-02-23 22:07:25,235 - INFO - Entered get_data_tranformed_object 
2025-02-23 22:07:25,262 - INFO - Entered the save model method of MainUtils class
2025-02-23 22:07:25,269 - INFO - Exited the save object method od Main utils class
2025-02-23 22:07:25,273 - INFO - Data Transformation Completed
2025-02-23 22:07:25,274 - INFO - Intiating Data Transformation
