2025-02-23 22:10:30,774 - INFO - Intitate data ingestion
2025-02-23 22:10:40,569 - INFO - Performed train test split on Data Frame
2025-02-23 22:10:40,569 - INFO - Exited Split data as Train sets and test sets method of Data_Ingestion class
2025-02-23 22:10:40,570 - INFO - Exporting train and test file path
2025-02-23 22:10:40,771 - INFO - Exported Train and Test File Path
2025-02-23 22:10:40,772 - INFO - Data Ingestion Completed
2025-02-23 22:10:40,780 - INFO - Intiating Data Validation 
2025-02-23 22:10:40,856 - INFO - Required number of columns - 31
2025-02-23 22:10:40,856 - INFO - Dataframe in columns - 31
2025-02-23 22:10:40,856 - INFO - Required number of columns - 31
2025-02-23 22:10:40,856 - INFO - Dataframe in columns - 31
2025-02-23 22:10:40,859 - INFO - Numerical columns exist in the dataframe.
2025-02-23 22:10:40,860 - INFO - Numerical columns exist in the dataframe.
2025-02-23 22:10:41,595 - INFO - Data Validation Completed 
2025-02-23 22:10:41,595 - INFO - Intiating Data Transformation
2025-02-23 22:10:41,595 - INFO - Starting Data Transformation
2025-02-23 22:10:41,680 - INFO - Entered get_data_tranformed_object 
2025-02-23 22:10:41,702 - INFO - Entered the save model method of MainUtils class
2025-02-23 22:10:41,708 - INFO - Exited the save object method od Main utils class
2025-02-23 22:10:41,711 - INFO - Data Transformation Completed
2025-02-23 22:10:41,711 - INFO - Intiating Data Transformation
