2025-02-23 22:17:10,319 - INFO - Intitate data ingestion
2025-02-23 22:17:19,208 - INFO - Performed train test split on Data Frame
2025-02-23 22:17:19,209 - INFO - Exited Split data as Train sets and test sets method of Data_Ingestion class
2025-02-23 22:17:19,209 - INFO - Exporting train and test file path
2025-02-23 22:17:19,396 - INFO - Exported Train and Test File Path
2025-02-23 22:17:19,397 - INFO - Data Ingestion Completed
2025-02-23 22:17:19,404 - INFO - Intiating Data Validation 
2025-02-23 22:17:19,480 - INFO - Required number of columns - 31
2025-02-23 22:17:19,480 - INFO - Dataframe in columns - 31
2025-02-23 22:17:19,480 - INFO - Required number of columns - 31
2025-02-23 22:17:19,480 - INFO - Dataframe in columns - 31
2025-02-23 22:17:19,483 - INFO - Numerical columns exist in the dataframe.
2025-02-23 22:17:19,484 - INFO - Numerical columns exist in the dataframe.
2025-02-23 22:17:20,207 - INFO - Data Validation Completed 
2025-02-23 22:17:20,207 - INFO - Intiating Data Transformation
2025-02-23 22:17:20,207 - INFO - Starting Data Transformation
2025-02-23 22:17:20,286 - INFO - Entered get_data_tranformed_object 
2025-02-23 22:17:20,308 - INFO - Entered the save model method of MainUtils class
2025-02-23 22:17:20,313 - INFO - Exited the save object method od Main utils class
2025-02-23 22:17:20,316 - INFO - Data Transformation Completed
2025-02-23 22:17:20,316 - INFO - Intiating Data Transformation
