2025-02-23 22:16:15,319 - INFO - Intitate data ingestion
2025-02-23 22:16:25,210 - INFO - Performed train test split on Data Frame
2025-02-23 22:16:25,210 - INFO - Exited Split data as Train sets and test sets method of Data_Ingestion class
2025-02-23 22:16:25,210 - INFO - Exporting train and test file path
2025-02-23 22:16:25,400 - INFO - Exported Train and Test File Path
2025-02-23 22:16:25,402 - INFO - Data Ingestion Completed
2025-02-23 22:16:25,410 - INFO - Intiating Data Validation 
2025-02-23 22:16:25,502 - INFO - Required number of columns - 31
2025-02-23 22:16:25,502 - INFO - Dataframe in columns - 31
2025-02-23 22:16:25,502 - INFO - Required number of columns - 31
2025-02-23 22:16:25,502 - INFO - Dataframe in columns - 31
2025-02-23 22:16:25,505 - INFO - Numerical columns exist in the dataframe.
2025-02-23 22:16:25,506 - INFO - Numerical columns exist in the dataframe.
2025-02-23 22:16:26,164 - INFO - Data Validation Completed 
2025-02-23 22:16:26,164 - INFO - Intiating Data Transformation
2025-02-23 22:16:26,164 - INFO - Starting Data Transformation
2025-02-23 22:16:26,244 - INFO - Entered get_data_tranformed_object 
2025-02-23 22:16:26,267 - INFO - Entered the save model method of MainUtils class
2025-02-23 22:16:26,273 - INFO - Exited the save object method od Main utils class
2025-02-23 22:16:26,276 - INFO - Data Transformation Completed
2025-02-23 22:16:26,276 - INFO - Intiating Data Transformation
