2025-02-23 22:09:57,694 - INFO - Intitate data ingestion
2025-02-23 22:10:06,920 - INFO - Performed train test split on Data Frame
2025-02-23 22:10:06,920 - INFO - Exited Split data as Train sets and test sets method of Data_Ingestion class
2025-02-23 22:10:06,921 - INFO - Exporting train and test file path
2025-02-23 22:10:07,120 - INFO - Exported Train and Test File Path
2025-02-23 22:10:07,121 - INFO - Data Ingestion Completed
2025-02-23 22:10:07,129 - INFO - Intiating Data Validation 
2025-02-23 22:10:07,205 - INFO - Required number of columns - 31
2025-02-23 22:10:07,205 - INFO - Dataframe in columns - 31
2025-02-23 22:10:07,205 - INFO - Required number of columns - 31
2025-02-23 22:10:07,205 - INFO - Dataframe in columns - 31
2025-02-23 22:10:07,209 - INFO - Numerical columns exist in the dataframe.
2025-02-23 22:10:07,210 - INFO - Numerical columns exist in the dataframe.
2025-02-23 22:10:07,959 - INFO - Data Validation Completed 
2025-02-23 22:10:07,959 - INFO - Intiating Data Transformation
2025-02-23 22:10:07,959 - INFO - Starting Data Transformation
2025-02-23 22:10:08,040 - INFO - Entered get_data_tranformed_object 
2025-02-23 22:10:08,062 - INFO - Entered the save model method of MainUtils class
2025-02-23 22:10:08,067 - INFO - Exited the save object method od Main utils class
2025-02-23 22:10:08,069 - INFO - Data Transformation Completed
2025-02-23 22:10:08,069 - INFO - Intiating Data Transformation
