2025-02-23 21:49:11,516 - INFO - Intitate data ingestion
2025-02-23 21:49:21,544 - INFO - Performed train test split on Data Frame
2025-02-23 21:49:21,544 - INFO - Exited Split data as Train sets and test sets method of Data_Ingestion class
2025-02-23 21:49:21,544 - INFO - Exporting train and test file path
2025-02-23 21:49:21,793 - INFO - Exported Train and Test File Path
2025-02-23 21:49:21,794 - INFO - Data Ingestion Completed
2025-02-23 21:49:21,802 - INFO - Intiating Data Validation 
2025-02-23 21:49:21,879 - INFO - Required number of columns - 31
2025-02-23 21:49:21,880 - INFO - Dataframe in columns - 31
2025-02-23 21:49:21,880 - INFO - Required number of columns - 31
2025-02-23 21:49:21,880 - INFO - Dataframe in columns - 31
2025-02-23 21:49:21,882 - INFO - Numerical columns exist in the dataframe.
2025-02-23 21:49:21,883 - INFO - Numerical columns exist in the dataframe.
2025-02-23 21:49:22,735 - INFO - Data Validation Completed 
2025-02-23 21:49:22,735 - INFO - Intiating Data Transformation
2025-02-23 21:49:22,735 - INFO - Starting Data Transformation
2025-02-23 21:49:22,817 - INFO - Entered get_data_tranformed_object 
2025-02-23 21:49:22,839 - INFO - Entered the save model method of MainUtils class
2025-02-23 21:49:22,844 - INFO - Exited the save object method od Main utils class
2025-02-23 21:49:22,847 - INFO - Data Transformation Completed
2025-02-23 21:49:22,847 - INFO - Intiating Data Transformation
