2025-02-23 22:37:10,121 - INFO - Intitate data ingestion
2025-02-23 22:37:19,342 - INFO - Performed train test split on Data Frame
2025-02-23 22:37:19,342 - INFO - Exited Split data as Train sets and test sets method of Data_Ingestion class
2025-02-23 22:37:19,342 - INFO - Exporting train and test file path
2025-02-23 22:37:19,537 - INFO - Exported Train and Test File Path
2025-02-23 22:37:19,538 - INFO - Data Ingestion Completed
2025-02-23 22:37:19,545 - INFO - Intiating Data Validation 
2025-02-23 22:37:19,625 - INFO - Required number of columns - 31
2025-02-23 22:37:19,625 - INFO - Dataframe in columns - 31
2025-02-23 22:37:19,625 - INFO - Required number of columns - 31
2025-02-23 22:37:19,626 - INFO - Dataframe in columns - 31
2025-02-23 22:37:19,628 - INFO - Numerical columns exist in the dataframe.
2025-02-23 22:37:19,629 - INFO - Numerical columns exist in the dataframe.
2025-02-23 22:37:20,509 - INFO - Data Validation Completed 
2025-02-23 22:37:20,509 - INFO - Intiating Data Transformation
2025-02-23 22:37:20,510 - INFO - Starting Data Transformation
2025-02-23 22:37:20,595 - INFO - Entered get_data_tranformed_object 
2025-02-23 22:37:20,620 - INFO - Entered the save model method of MainUtils class
2025-02-23 22:37:20,625 - INFO - Exited the save object method od Main utils class
2025-02-23 22:37:20,628 - INFO - Data Transformation Completed
2025-02-23 22:37:20,628 - INFO - Intiating Data Transformation
